2022-10-21 15:42:252022-10-21 15:44:05name 'prin' is not defined
2022-10-21 15:45:28
name 'prin' is not defined

2022-10-21 15:45:50
name 'prin' is not defined

2022-10-21 15:47:54
2022-10-21 15:51:35
Traceback (most recent call last):
  File "/tmp/ipykernel_1343/1059165737.py", line 80, in <module>
    prin
NameError: name 'prin' is not defined


2022-10-21 15:54:54
Traceback (most recent call last):
  File "/tmp/ipykernel_1455/2869607935.py", line 80, in <module>
    prin
NameError: name 'prin' is not defined


2022-10-21 15:55:31
Traceback (most recent call last):
  File "/tmp/ipykernel_1486/3509342124.py", line 35, in <module>
    log_temps(data_f_name,data_header,[dt.now().strftime('%Y-%m-%d %H:%M:%S'), temp_coldhead, temp_HeatExF, temp_HeatExB, temp_chamber, MV1, HeatF_status , MV2, HeatB_status], True)
TypeError: log_temps() takes 3 positional arguments but 4 were given


2022-10-21 15:58:32
Traceback (most recent call last):
  File "/home/nexo/.local/lib/python3.9/site-packages/matplotlib/text.py", line 40, in get_rotation
    return float(rotation) % 360
ValueError: could not convert string to float: 'String'

The above exception was the direct cause of the following exception:

Traceback (most recent call last):
  File "/tmp/ipykernel_1588/2451120700.py", line 74, in <module>
    fig.canvas.draw()
  File "/home/nexo/.local/lib/python3.9/site-packages/matplotlib/backends/backend_tkagg.py", line 9, in draw
    super().draw()
  File "/home/nexo/.local/lib/python3.9/site-packages/matplotlib/backends/backend_agg.py", line 436, in draw
    self.figure.draw(self.renderer)
  File "/home/nexo/.local/lib/python3.9/site-packages/matplotlib/artist.py", line 74, in draw_wrapper
    result = draw(artist, renderer, *args, **kwargs)
  File "/home/nexo/.local/lib/python3.9/site-packages/matplotlib/artist.py", line 51, in draw_wrapper
    return draw(artist, renderer)
  File "/home/nexo/.local/lib/python3.9/site-packages/matplotlib/figure.py", line 2845, in draw
    mimage._draw_list_compositing_images(
  File "/home/nexo/.local/lib/python3.9/site-packages/matplotlib/image.py", line 132, in _draw_list_compositing_images
    a.draw(renderer)
  File "/home/nexo/.local/lib/python3.9/site-packages/matplotlib/artist.py", line 51, in draw_wrapper
    return draw(artist, renderer)
  File "/home/nexo/.local/lib/python3.9/site-packages/matplotlib/axes/_base.py", line 3091, in draw
    mimage._draw_list_compositing_images(
  File "/home/nexo/.local/lib/python3.9/site-packages/matplotlib/image.py", line 132, in _draw_list_compositing_images
    a.draw(renderer)
  File "/home/nexo/.local/lib/python3.9/site-packages/matplotlib/artist.py", line 51, in draw_wrapper
    return draw(artist, renderer)
  File "/home/nexo/.local/lib/python3.9/site-packages/matplotlib/axis.py", line 1159, in draw
    ticklabelBoxes, ticklabelBoxes2 = self._get_tick_bboxes(ticks_to_draw,
  File "/home/nexo/.local/lib/python3.9/site-packages/matplotlib/axis.py", line 1085, in _get_tick_bboxes
    return ([tick.label1.get_window_extent(renderer)
  File "/home/nexo/.local/lib/python3.9/site-packages/matplotlib/axis.py", line 1085, in <listcomp>
    return ([tick.label1.get_window_extent(renderer)
  File "/home/nexo/.local/lib/python3.9/site-packages/matplotlib/text.py", line 910, in get_window_extent
    bbox, info, descent = self._get_layout(self._renderer)
  File "/home/nexo/.local/lib/python3.9/site-packages/matplotlib/text.py", line 358, in _get_layout
    M = Affine2D().rotate_deg(self.get_rotation())
  File "/home/nexo/.local/lib/python3.9/site-packages/matplotlib/text.py", line 233, in get_rotation
    return get_rotation(self._rotation)  # string_or_number -> number
  File "/home/nexo/.local/lib/python3.9/site-packages/matplotlib/text.py", line 47, in get_rotation
    raise ValueError("rotation is {!r}; expected either 'horizontal', "
ValueError: rotation is 'String'; expected either 'horizontal', 'vertical', numeric value, or None


-------------------------------------------------2022-10-21 15:59:43
Traceback (most recent call last):
  File "/home/nexo/.local/lib/python3.9/site-packages/matplotlib/text.py", line 40, in get_rotation
    return float(rotation) % 360
ValueError: could not convert string to float: 'String'

The above exception was the direct cause of the following exception:

Traceback (most recent call last):
  File "/tmp/ipykernel_1617/208729650.py", line 74, in <module>
    fig.canvas.draw()
  File "/home/nexo/.local/lib/python3.9/site-packages/matplotlib/backends/backend_tkagg.py", line 9, in draw
    super().draw()
  File "/home/nexo/.local/lib/python3.9/site-packages/matplotlib/backends/backend_agg.py", line 436, in draw
    self.figure.draw(self.renderer)
  File "/home/nexo/.local/lib/python3.9/site-packages/matplotlib/artist.py", line 74, in draw_wrapper
    result = draw(artist, renderer, *args, **kwargs)
  File "/home/nexo/.local/lib/python3.9/site-packages/matplotlib/artist.py", line 51, in draw_wrapper
    return draw(artist, renderer)
  File "/home/nexo/.local/lib/python3.9/site-packages/matplotlib/figure.py", line 2845, in draw
    mimage._draw_list_compositing_images(
  File "/home/nexo/.local/lib/python3.9/site-packages/matplotlib/image.py", line 132, in _draw_list_compositing_images
    a.draw(renderer)
  File "/home/nexo/.local/lib/python3.9/site-packages/matplotlib/artist.py", line 51, in draw_wrapper
    return draw(artist, renderer)
  File "/home/nexo/.local/lib/python3.9/site-packages/matplotlib/axes/_base.py", line 3091, in draw
    mimage._draw_list_compositing_images(
  File "/home/nexo/.local/lib/python3.9/site-packages/matplotlib/image.py", line 132, in _draw_list_compositing_images
    a.draw(renderer)
  File "/home/nexo/.local/lib/python3.9/site-packages/matplotlib/artist.py", line 51, in draw_wrapper
    return draw(artist, renderer)
  File "/home/nexo/.local/lib/python3.9/site-packages/matplotlib/axis.py", line 1159, in draw
    ticklabelBoxes, ticklabelBoxes2 = self._get_tick_bboxes(ticks_to_draw,
  File "/home/nexo/.local/lib/python3.9/site-packages/matplotlib/axis.py", line 1085, in _get_tick_bboxes
    return ([tick.label1.get_window_extent(renderer)
  File "/home/nexo/.local/lib/python3.9/site-packages/matplotlib/axis.py", line 1085, in <listcomp>
    return ([tick.label1.get_window_extent(renderer)
  File "/home/nexo/.local/lib/python3.9/site-packages/matplotlib/text.py", line 910, in get_window_extent
    bbox, info, descent = self._get_layout(self._renderer)
  File "/home/nexo/.local/lib/python3.9/site-packages/matplotlib/text.py", line 358, in _get_layout
    M = Affine2D().rotate_deg(self.get_rotation())
  File "/home/nexo/.local/lib/python3.9/site-packages/matplotlib/text.py", line 233, in get_rotation
    return get_rotation(self._rotation)  # string_or_number -> number
  File "/home/nexo/.local/lib/python3.9/site-packages/matplotlib/text.py", line 47, in get_rotation
    raise ValueError("rotation is {!r}; expected either 'horizontal', "
ValueError: rotation is 'String'; expected either 'horizontal', 'vertical', numeric value, or None


-------------------------------------------------
2022-10-21 16:00:38
Traceback (most recent call last):
  File "/home/nexo/.local/lib/python3.9/site-packages/matplotlib/text.py", line 40, in get_rotation
    return float(rotation) % 360
ValueError: could not convert string to float: 'String'

The above exception was the direct cause of the following exception:

Traceback (most recent call last):
  File "/tmp/ipykernel_1658/3201745386.py", line 74, in <module>
    fig.canvas.draw()
  File "/home/nexo/.local/lib/python3.9/site-packages/matplotlib/backends/backend_tkagg.py", line 9, in draw
    super().draw()
  File "/home/nexo/.local/lib/python3.9/site-packages/matplotlib/backends/backend_agg.py", line 436, in draw
    self.figure.draw(self.renderer)
  File "/home/nexo/.local/lib/python3.9/site-packages/matplotlib/artist.py", line 74, in draw_wrapper
    result = draw(artist, renderer, *args, **kwargs)
  File "/home/nexo/.local/lib/python3.9/site-packages/matplotlib/artist.py", line 51, in draw_wrapper
    return draw(artist, renderer)
  File "/home/nexo/.local/lib/python3.9/site-packages/matplotlib/figure.py", line 2845, in draw
    mimage._draw_list_compositing_images(
  File "/home/nexo/.local/lib/python3.9/site-packages/matplotlib/image.py", line 132, in _draw_list_compositing_images
    a.draw(renderer)
  File "/home/nexo/.local/lib/python3.9/site-packages/matplotlib/artist.py", line 51, in draw_wrapper
    return draw(artist, renderer)
  File "/home/nexo/.local/lib/python3.9/site-packages/matplotlib/axes/_base.py", line 3091, in draw
    mimage._draw_list_compositing_images(
  File "/home/nexo/.local/lib/python3.9/site-packages/matplotlib/image.py", line 132, in _draw_list_compositing_images
    a.draw(renderer)
  File "/home/nexo/.local/lib/python3.9/site-packages/matplotlib/artist.py", line 51, in draw_wrapper
    return draw(artist, renderer)
  File "/home/nexo/.local/lib/python3.9/site-packages/matplotlib/axis.py", line 1159, in draw
    ticklabelBoxes, ticklabelBoxes2 = self._get_tick_bboxes(ticks_to_draw,
  File "/home/nexo/.local/lib/python3.9/site-packages/matplotlib/axis.py", line 1085, in _get_tick_bboxes
    return ([tick.label1.get_window_extent(renderer)
  File "/home/nexo/.local/lib/python3.9/site-packages/matplotlib/axis.py", line 1085, in <listcomp>
    return ([tick.label1.get_window_extent(renderer)
  File "/home/nexo/.local/lib/python3.9/site-packages/matplotlib/text.py", line 910, in get_window_extent
    bbox, info, descent = self._get_layout(self._renderer)
  File "/home/nexo/.local/lib/python3.9/site-packages/matplotlib/text.py", line 358, in _get_layout
    M = Affine2D().rotate_deg(self.get_rotation())
  File "/home/nexo/.local/lib/python3.9/site-packages/matplotlib/text.py", line 233, in get_rotation
    return get_rotation(self._rotation)  # string_or_number -> number
  File "/home/nexo/.local/lib/python3.9/site-packages/matplotlib/text.py", line 47, in get_rotation
    raise ValueError("rotation is {!r}; expected either 'horizontal', "
ValueError: rotation is 'String'; expected either 'horizontal', 'vertical', numeric value, or None

